0 info it worked if it ends with ok
1 verbose cli [ 'C:\\Program Files (x86)\\nodejs\\node.exe',
1 verbose cli   'C:\\Program Files (x86)\\nodejs\\node_modules\\npm\\bin\\npm-cli.js',
1 verbose cli   'test' ]
2 info using npm@3.10.10
3 info using node@v6.10.3
4 verbose run-script [ 'pretest', 'test', 'posttest' ]
5 info lifecycle nodejs-creating-restful-apis@1.0.0~pretest: nodejs-creating-restful-apis@1.0.0
6 silly lifecycle nodejs-creating-restful-apis@1.0.0~pretest: no script for pretest, continuing
7 info lifecycle nodejs-creating-restful-apis@1.0.0~test: nodejs-creating-restful-apis@1.0.0
8 verbose lifecycle nodejs-creating-restful-apis@1.0.0~test: unsafe-perm in lifecycle true
9 verbose lifecycle nodejs-creating-restful-apis@1.0.0~test: PATH: C:\Program Files (x86)\nodejs\node_modules\npm\bin\node-gyp-bin;C:\Users\shikher.garg\Downloads\securing-restful-apis-with-jwt-master\SocailCops Microservices\patch_service\node_modules\.bin;C:\Program Files\Docker\Docker\Resources\bin;C:\AmdocsCRM7.5.0.7\ClarifyClient;C:\windows\system32;C:\windows;C:\windows\System32\Wbem;C:\windows\System32\WindowsPowerShell\v1.0\;C:\Program Files (x86)\Sennheiser\SoftphoneSDK\;C:\Program Files\Intel\WiFi\bin\;C:\Program Files\Common Files\Intel\WirelessCommon\;C:\Program Files\Microsoft SQL Server\120\DTS\Binn\;C:\Program Files\Microsoft SQL Server\Client SDK\ODBC\110\Tools\Binn\;C:\Program Files (x86)\Microsoft SQL Server\120\Tools\Binn\;C:\Program Files\Microsoft SQL Server\120\Tools\Binn\;C:\Program Files (x86)\Microsoft SQL Server\120\Tools\Binn\ManagementStudio\;C:\Program Files (x86)\Microsoft SQL Server\120\DTS\Binn\;C:\Program Files (x86)\Microsoft SQL Server\80\Tools\Binn\;C:\Program Files (x86)\Blackbaud\Management Console\bin\;C:\Program Files (x86)\Blackbaud\The Financial Edge\;C:\Program Files\dotnet\;C:\Program Files\Microsoft SQL Server\130\Tools\Binn\;C:\Program Files (x86)\nodejs\;C:\Program Files\Git\cmd;C:\Program Files (x86)\Microsoft ASP.NET\ASP.NET Web Pages\v1.0\;C:\Users\shikher.garg\AppData\Local\Microsoft\WindowsApps;C:\Users\shikher.garg\AppData\Roaming\npm
10 verbose lifecycle nodejs-creating-restful-apis@1.0.0~test: CWD: C:\Users\shikher.garg\Downloads\securing-restful-apis-with-jwt-master\SocailCops Microservices\patch_service
11 silly lifecycle nodejs-creating-restful-apis@1.0.0~test: Args: [ '/d /s /c', 'mocha' ]
12 silly lifecycle nodejs-creating-restful-apis@1.0.0~test: Returned: code: 3221225786  signal: null
13 info lifecycle nodejs-creating-restful-apis@1.0.0~test: Failed to exec test script
14 error Test failed.  See above for more details.
15 verbose exit [ 1, true ]
16 verbose stack Error: kill ENOSYS
16 verbose stack     at exports._errnoException (util.js:1018:11)
16 verbose stack     at process.kill (internal/process.js:190:13)
16 verbose stack     at process.listener (C:\Program Files (x86)\nodejs\node_modules\npm\node_modules\npmlog\node_modules\gauge\node_modules\signal-exit\index.js:86:15)
16 verbose stack     at emitNone (events.js:91:20)
16 verbose stack     at process.emit (events.js:185:7)
16 verbose stack     at processEmit (C:\Program Files (x86)\nodejs\node_modules\npm\node_modules\npmlog\node_modules\gauge\node_modules\signal-exit\index.js:146:32)
16 verbose stack     at processEmit (C:\Program Files (x86)\nodejs\node_modules\npm\node_modules\npm-registry-client\node_modules\npmlog\node_modules\gauge\node_modules\signal-exit\index.js:146:32)
16 verbose stack     at Signal.wrap.onsignal (internal/process.js:217:44)
17 verbose cwd C:\Users\shikher.garg\Downloads\securing-restful-apis-with-jwt-master\SocailCops Microservices\patch_service
18 error Windows_NT 10.0.14393
19 error argv "C:\\Program Files (x86)\\nodejs\\node.exe" "C:\\Program Files (x86)\\nodejs\\node_modules\\npm\\bin\\npm-cli.js" "test"
20 error node v6.10.3
21 error npm  v3.10.10
22 error code ENOSYS
23 error errno ENOSYS
24 error syscall kill
25 error kill ENOSYS
26 error If you need help, you may report this error at:
26 error     <https://github.com/npm/npm/issues>
27 verbose exit [ 1, true ]
